<?xml version="1.0" encoding="UTF-8"?>
<testng-results skipped="0" failed="0" ignored="0" total="2" passed="2">
  <reporter-output>
  </reporter-output>
  <suite name="Default suite" duration-ms="18579" started-at="2018-04-15T21:04:00Z" finished-at="2018-04-15T21:04:18Z">
    <groups>
    </groups>
    <test name="Default test" duration-ms="18579" started-at="2018-04-15T21:04:00Z" finished-at="2018-04-15T21:04:18Z">
      <class name="com.Brooklyn.Ditmas.Application">
        <test-method status="PASS" signature="mytest102()[pri:0, instance:com.Brooklyn.Ditmas.Application@7113b13f]" name="mytest102" duration-ms="10369" started-at="2018-04-15T21:04:00Z" finished-at="2018-04-15T21:04:10Z">
          <reporter-output>
          </reporter-output>
        </test-method> <!-- mytest102 -->
        <test-method status="PASS" signature="mytest1020()[pri:0, instance:com.Brooklyn.Ditmas.Application@7113b13f]" name="mytest1020" duration-ms="8180" started-at="2018-04-15T21:04:10Z" finished-at="2018-04-15T21:04:18Z">
          <reporter-output>
          </reporter-output>
        </test-method> <!-- mytest1020 -->
      </class> <!-- com.Brooklyn.Ditmas.Application -->
    </test> <!-- Default test -->
  </suite> <!-- Default suite -->
</testng-results>
