<?xml version="1.0" encoding="UTF-8"?>
<testng-results skipped="0" failed="0" ignored="0" total="1" passed="1">
  <reporter-output>
  </reporter-output>
  <suite name="Default suite" duration-ms="37814" started-at="2018-04-08T21:08:36Z" finished-at="2018-04-08T21:09:14Z">
    <groups>
    </groups>
    <test name="Default test" duration-ms="37814" started-at="2018-04-08T21:08:36Z" finished-at="2018-04-08T21:09:14Z">
      <class name="com.Brooklyn.Ditmas.Application">
        <test-method status="PASS" signature="mytest102()[pri:0, instance:com.Brooklyn.Ditmas.Application@7113b13f]" name="mytest102" duration-ms="37787" started-at="2018-04-08T21:08:36Z" finished-at="2018-04-08T21:09:14Z">
          <reporter-output>
          </reporter-output>
        </test-method> <!-- mytest102 -->
      </class> <!-- com.Brooklyn.Ditmas.Application -->
    </test> <!-- Default test -->
  </suite> <!-- Default suite -->
</testng-results>
